<?xml version="1.0" encoding="UTF-8"?>
<testng-results ignored="0" total="3" passed="3" failed="0" skipped="0">
  <reporter-output>
  </reporter-output>
  <suite started-at="2024-11-28T17:25:52 ART" name="SuiteName" finished-at="2024-11-28T17:31:20 ART" duration-ms="327496">
    <groups>
    </groups>
    <test started-at="2024-11-28T17:25:52 ART" name="TestName" finished-at="2024-11-28T17:31:20 ART" duration-ms="327496">
      <class name="com.dacautomation.tests.cms.chromeBaseTest1$BaseTest">
        <test-method is-config="true" signature="initializeVariables()[pri:0, instance:com.dacautomation.tests.cms.chromeBaseTest1$BaseTest@5c33f1a9]" started-at="2024-11-28T17:25:52 ART" name="initializeVariables" finished-at="2024-11-28T17:25:53 ART" duration-ms="1412" status="PASS">
          <reporter-output>
          </reporter-output>
        </test-method> <!-- initializeVariables -->
        <test-method signature="baseTest()[pri:0, instance:com.dacautomation.tests.cms.chromeBaseTest1$BaseTest@5c33f1a9]" started-at="2024-11-28T17:25:55 ART" name="baseTest" finished-at="2024-11-28T17:30:28 ART" duration-ms="272572" status="PASS">
          <reporter-output>
          </reporter-output>
        </test-method> <!-- baseTest -->
        <test-method is-config="true" signature="quit()[pri:0, instance:com.dacautomation.tests.cms.chromeBaseTest1$BaseTest@5c33f1a9]" started-at="2024-11-28T17:31:19 ART" name="quit" finished-at="2024-11-28T17:31:19 ART" duration-ms="161" status="PASS">
          <reporter-output>
          </reporter-output>
        </test-method> <!-- quit -->
      </class> <!-- com.dacautomation.tests.cms.chromeBaseTest1$BaseTest -->
      <class name="com.dacautomation.tests.cms.chromeBaseTest2">
        <test-method is-config="true" signature="initializeVariables()[pri:0, instance:com.dacautomation.tests.cms.chromeBaseTest2@6069db50]" started-at="2024-11-28T17:25:53 ART" name="initializeVariables" finished-at="2024-11-28T17:25:54 ART" duration-ms="805" status="PASS">
          <reporter-output>
          </reporter-output>
        </test-method> <!-- initializeVariables -->
        <test-method signature="baseTest2()[pri:0, instance:com.dacautomation.tests.cms.chromeBaseTest2@6069db50]" started-at="2024-11-28T17:25:55 ART" name="baseTest2" finished-at="2024-11-28T17:31:19 ART" duration-ms="323962" status="PASS">
          <reporter-output>
          </reporter-output>
        </test-method> <!-- baseTest2 -->
        <test-method is-config="true" signature="quit()[pri:0, instance:com.dacautomation.tests.cms.chromeBaseTest2@6069db50]" started-at="2024-11-28T17:31:19 ART" name="quit" finished-at="2024-11-28T17:31:19 ART" duration-ms="160" status="PASS">
          <reporter-output>
          </reporter-output>
        </test-method> <!-- quit -->
      </class> <!-- com.dacautomation.tests.cms.chromeBaseTest2 -->
      <class name="com.dacautomation.tests.cms.chromeBaseTest3">
        <test-method is-config="true" signature="initializeVariables()[pri:0, instance:com.dacautomation.tests.cms.chromeBaseTest3@4efbca5a]" started-at="2024-11-28T17:25:54 ART" name="initializeVariables" finished-at="2024-11-28T17:25:55 ART" duration-ms="804" status="PASS">
          <reporter-output>
          </reporter-output>
        </test-method> <!-- initializeVariables -->
        <test-method signature="baseTest3()[pri:0, instance:com.dacautomation.tests.cms.chromeBaseTest3@4efbca5a]" started-at="2024-11-28T17:25:55 ART" name="baseTest3" finished-at="2024-11-28T17:30:33 ART" duration-ms="277671" status="PASS">
          <reporter-output>
          </reporter-output>
        </test-method> <!-- baseTest3 -->
        <test-method is-config="true" signature="quit()[pri:0, instance:com.dacautomation.tests.cms.chromeBaseTest3@4efbca5a]" started-at="2024-11-28T17:31:19 ART" name="quit" finished-at="2024-11-28T17:31:20 ART" duration-ms="163" status="PASS">
          <reporter-output>
          </reporter-output>
        </test-method> <!-- quit -->
      </class> <!-- com.dacautomation.tests.cms.chromeBaseTest3 -->
    </test> <!-- TestName -->
  </suite> <!-- SuiteName -->
</testng-results>
