<?xml version="1.0" encoding="UTF-8"?>
<!-- Generated by org.testng.reporters.JUnitXMLReporter -->
<testsuite ignored="0" hostname="ip-192-168-0-100.sa-east-1.compute.internal" failures="0" tests="3" name="TestName" time="327.496" errors="0" timestamp="2024-11-28T17:31:20 ART">
  <testcase classname="com.dacautomation.tests.cms.chromeBaseTest1$BaseTest" name="baseTest" time="272.572"/>
  <testcase classname="com.dacautomation.tests.cms.chromeBaseTest3" name="baseTest3" time="277.671"/>
  <testcase classname="com.dacautomation.tests.cms.chromeBaseTest2" name="baseTest2" time="323.962"/>
</testsuite> <!-- TestName -->
