<?xml version="1.0" encoding="UTF-8"?>
<!-- Generated by org.testng.reporters.JUnitReportReporter -->
<testsuite hostname="ip-192-168-0-100.sa-east-1.compute.internal" failures="0" tests="1" name="com.dacautomation.tests.cms.chromeBaseTest1$BaseTest" time="272.572" errors="0" timestamp="2024-11-28T17:31:20 ART" skipped="0">
  <testcase classname="com.dacautomation.tests.cms.chromeBaseTest1$BaseTest" name="baseTest" time="272.572"/>
</testsuite> <!-- com.dacautomation.tests.cms.chromeBaseTest1$BaseTest -->
